{"timestamp":"2025-05-26 14:14:45","logger_name":"com.example.IdentityManagementService.IdentityManagementServiceApplication","thread_name":"restartedMain","level":"INFO","message":"Starting IdentityManagementServiceApplication using Java 17.0.14 with PID 22040 (C:\\Users\\GauravShenoy\\Documents\\Identity-Management-Service\\build\\classes\\java\\main started by GauravShenoy in C:\\Users\\GauravShenoy\\Documents\\Identity-Management-Service)"}
{"timestamp":"2025-05-26 14:14:45","logger_name":"com.example.IdentityManagementService.IdentityManagementServiceApplication","thread_name":"restartedMain","level":"INFO","message":"No active profile set, falling back to 1 default profile: \"default\""}
{"timestamp":"2025-05-26 14:14:45","logger_name":"org.springframework.boot.devtools.env.DevToolsPropertyDefaultsPostProcessor","thread_name":"restartedMain","level":"INFO","message":"Devtools property defaults active! Set 'spring.devtools.add-properties' to 'false' to disable"}
{"timestamp":"2025-05-26 14:14:45","logger_name":"org.springframework.boot.devtools.env.DevToolsPropertyDefaultsPostProcessor","thread_name":"restartedMain","level":"INFO","message":"For additional web related logging consider setting the 'logging.level.web' property to 'DEBUG'"}
{"timestamp":"2025-05-26 14:14:46","logger_name":"org.springframework.data.repository.config.RepositoryConfigurationDelegate","thread_name":"restartedMain","level":"INFO","message":"Bootstrapping Spring Data JPA repositories in DEFAULT mode."}
{"timestamp":"2025-05-26 14:14:46","logger_name":"org.springframework.data.repository.config.RepositoryConfigurationDelegate","thread_name":"restartedMain","level":"INFO","message":"Finished Spring Data repository scanning in 59 ms. Found 1 JPA repository interface."}
{"timestamp":"2025-05-26 14:14:47","logger_name":"org.springframework.cloud.context.scope.GenericScope","thread_name":"restartedMain","level":"INFO","message":"BeanFactory id=6aa2ba57-77ed-3057-8155-67c419dc125b"}
{"timestamp":"2025-05-26 14:14:48","logger_name":"org.springframework.boot.web.embedded.tomcat.TomcatWebServer","thread_name":"restartedMain","level":"INFO","message":"Tomcat initialized with port 8091 (http)"}
{"timestamp":"2025-05-26 14:14:48","logger_name":"org.apache.coyote.http11.Http11NioProtocol","thread_name":"restartedMain","level":"INFO","message":"Initializing ProtocolHandler [\"http-nio-8091\"]"}
{"timestamp":"2025-05-26 14:14:48","logger_name":"org.apache.catalina.core.StandardService","thread_name":"restartedMain","level":"INFO","message":"Starting service [Tomcat]"}
{"timestamp":"2025-05-26 14:14:48","logger_name":"org.apache.catalina.core.StandardEngine","thread_name":"restartedMain","level":"INFO","message":"Starting Servlet engine: [Apache Tomcat/10.1.39]"}
{"timestamp":"2025-05-26 14:14:48","logger_name":"org.apache.catalina.core.ContainerBase.[Tomcat].[localhost].[/]","thread_name":"restartedMain","level":"INFO","message":"Initializing Spring embedded WebApplicationContext"}
{"timestamp":"2025-05-26 14:14:48","logger_name":"org.springframework.boot.web.servlet.context.ServletWebServerApplicationContext","thread_name":"restartedMain","level":"INFO","message":"Root WebApplicationContext: initialization completed in 2537 ms"}
{"timestamp":"2025-05-26 14:14:48","logger_name":"org.springframework.orm.jpa.persistenceunit.SpringPersistenceUnitInfo","thread_name":"restartedMain","level":"INFO","message":"No LoadTimeWeaver setup: ignoring JPA class transformer"}
{"timestamp":"2025-05-26 14:14:48","logger_name":"com.zaxxer.hikari.HikariDataSource","thread_name":"restartedMain","level":"INFO","message":"HikariPool-1 - Starting..."}
{"timestamp":"2025-05-26 14:14:49","logger_name":"com.zaxxer.hikari.pool.HikariPool","thread_name":"restartedMain","level":"INFO","message":"HikariPool-1 - Added connection org.postgresql.jdbc.PgConnection@2fd53d04"}
{"timestamp":"2025-05-26 14:14:49","logger_name":"com.zaxxer.hikari.HikariDataSource","thread_name":"restartedMain","level":"INFO","message":"HikariPool-1 - Start completed."}
{"timestamp":"2025-05-26 14:14:50","logger_name":"org.springframework.orm.jpa.LocalContainerEntityManagerFactoryBean","thread_name":"restartedMain","level":"INFO","message":"Initialized JPA EntityManagerFactory for persistence unit 'default'"}
{"timestamp":"2025-05-26 14:14:53","logger_name":"org.apache.coyote.http11.Http11NioProtocol","thread_name":"restartedMain","level":"INFO","message":"Starting ProtocolHandler [\"http-nio-8091\"]"}
{"timestamp":"2025-05-26 14:14:53","logger_name":"org.springframework.boot.web.embedded.tomcat.TomcatWebServer","thread_name":"restartedMain","level":"INFO","message":"Tomcat started on port 8091 (http) with context path '/'"}
{"timestamp":"2025-05-26 14:14:53","logger_name":"com.example.IdentityManagementService.IdentityManagementServiceApplication","thread_name":"restartedMain","level":"INFO","message":"Started IdentityManagementServiceApplication in 8.698 seconds (process running for 11.019)"}
{"timestamp":"2025-05-26 14:15:35","logger_name":"org.apache.catalina.core.ContainerBase.[Tomcat].[localhost].[/]","thread_name":"http-nio-8091-exec-1","level":"INFO","message":"Initializing Spring DispatcherServlet 'dispatcherServlet'"}
{"timestamp":"2025-05-26 14:15:35","logger_name":"org.springframework.web.servlet.DispatcherServlet","thread_name":"http-nio-8091-exec-1","level":"INFO","message":"Initializing Servlet 'dispatcherServlet'"}
{"timestamp":"2025-05-26 14:15:35","logger_name":"org.springframework.web.servlet.DispatcherServlet","thread_name":"http-nio-8091-exec-1","level":"INFO","message":"Completed initialization in 8 ms"}
